<?xml version="1.0" encoding="UTF-8"?>
<!-- Generated by org.testng.reporters.JUnitXMLReporter -->
<testsuite ignored="0" hostname="DESKTOP-9IJFNN4" failures="0" tests="4" name="Test" time="34.238" errors="0" timestamp="2025-08-11T21:42:01 IST">
  <testcase classname="tests.ProductSearchTest" name="search" time="5.001"/>
  <testcase classname="tests.FilteringProductsTests" name="filter" time="7.336"/>
  <testcase classname="tests.ProductClickTest" name="productselect" time="10.276"/>
  <testcase classname="tests.AddtoCartTest" name="add" time="0.813"/>
</testsuite> <!-- Test -->
